13:56:39.117 [main] INFO  org.catais.av.av_avdpool_next.App - Starting at: Thu Dec 31 13:56:39 CET 2015
13:56:39.118 [main] INFO  org.catais.av.av_avdpool_next.App - Stopping at: Thu Dec 31 13:56:39 CET 2015
14:00:40.345 [main] INFO  org.catais.av.av_avdpool_next.App - Starting at: Thu Dec 31 14:00:40 CET 2015
14:00:40.346 [main] ERROR org.catais.av.av_avdpool_next.App - config.properties (No such file or directory)
14:00:40.346 [main] INFO  org.catais.av.av_avdpool_next.App - Stopping at: Thu Dec 31 14:00:40 CET 2015
14:01:17.607 [main] INFO  org.catais.av.av_avdpool_next.App - Starting at: Thu Dec 31 14:01:17 CET 2015
14:01:17.608 [main] ERROR org.catais.av.av_avdpool_next.App - config.properties (No such file or directory)
14:01:17.608 [main] INFO  org.catais.av.av_avdpool_next.App - Stopping at: Thu Dec 31 14:01:17 CET 2015
14:06:49.950 [main] INFO  org.catais.av.av_avdpool_next.App - Starting at: Thu Dec 31 14:06:49 CET 2015
14:06:49.951 [main] INFO  org.catais.av.av_avdpool_next.App - Stopping at: Thu Dec 31 14:06:49 CET 2015
14:29:30.764 [main] INFO  org.catais.av.av_avdpool_next.App - Starting at: Thu Dec 31 14:29:30 CET 2015
14:29:30.768 [main] DEBUG org.catais.av.av_avdpool_next.App - [ Options: [ short {config=[ option: null config  [ARG] :: config.properties file :: class java.lang.String ]} ] [ long {config=[ option: null config  [ARG] :: config.properties file :: class java.lang.String ]} ]
14:29:30.768 [main] INFO  org.catais.av.av_avdpool_next.App - Stopping at: Thu Dec 31 14:29:30 CET 2015
14:36:08.028 [main] INFO  org.catais.av.av_avdpool_next.App - Starting at: Thu Dec 31 14:36:08 CET 2015
14:36:08.030 [main] DEBUG org.catais.av.av_avdpool_next.App - [ Options: [ short {config=[ option: null config  [ARG] :: config.properties file :: class java.lang.String ]} ] [ long {config=[ option: null config  [ARG] :: config.properties file :: class java.lang.String ]} ]
14:36:08.033 [main] DEBUG org.catais.av.av_avdpool_next.App - Config file: config.properties
14:36:08.033 [main] INFO  org.catais.av.av_avdpool_next.App - Stopping at: Thu Dec 31 14:36:08 CET 2015
14:37:18.202 [main] INFO  org.catais.av.av_avdpool_next.App - Starting at: Thu Dec 31 14:37:18 CET 2015
14:37:18.205 [main] DEBUG org.catais.av.av_avdpool_next.App - [ Options: [ short {config=[ option: null config  [ARG] :: config.properties file :: class java.lang.String ]} ] [ long {config=[ option: null config  [ARG] :: config.properties file :: class java.lang.String ]} ]
14:37:18.207 [main] DEBUG org.catais.av.av_avdpool_next.App - Config file: config.properties
14:37:18.207 [main] DEBUG org.catais.av.av_avdpool_next.App - Properties from config: {models=DM01AVSO24LV95, dbhost=localhost, dbusr=stefan, defaultSrsCode=2056, dbpwd=ziegler12, dbusrro=mspublic, loglevel=info, dbport=5432, defaultSrsAuth=EPSG, dbdatabase=xanadu2, modeldir=http://www.catais.org/models/, dbpwdro=mspublic}
14:37:18.207 [main] INFO  org.catais.av.av_avdpool_next.App - Stopping at: Thu Dec 31 14:37:18 CET 2015
14:45:03.593 [main] INFO  org.catais.av.av_avdpool_next.App - Starting at: Thu Dec 31 14:45:03 CET 2015
14:45:03.596 [main] DEBUG org.catais.av.av_avdpool_next.App - [ Options: [ short {config=[ option: null config  [ARG] :: config.properties file :: class java.lang.String ]} ] [ long {config=[ option: null config  [ARG] :: config.properties file :: class java.lang.String ]} ]
14:45:03.599 [main] DEBUG org.catais.av.av_avdpool_next.App - Config file: config.properties
14:45:03.599 [main] DEBUG org.catais.av.av_avdpool_next.App - Properties from config: {models=DM01AVSO24LV95, dbhost=localhost, dbusr=stefan, defaultSrsCode=2056, dbpwd=ziegler12, dbusrro=mspublic, loglevel=info, dbport=5432, defaultSrsAuth=EPSG, dbdatabase=xanadu2, modeldir=http://www.catais.org/models/, dbpwdro=mspublic}
14:45:03.599 [main] DEBUG org.catais.av.av_avdpool_next.App - Params: {dbpwd=ziegler12, dbport=5432, models=DM01AVSO24LV95, dbdatabase=xanadu2, dbusrro=mspublic, defaultSrsAuth=EPSG, loglevel=info, dbpwdro=mspublic, dbusr=stefan, dbhost=localhost, defaultSrsCode=2056, modeldir=http://www.catais.org/models/}
14:45:03.599 [main] INFO  org.catais.av.av_avdpool_next.App - Stopping at: Thu Dec 31 14:45:03 CET 2015
14:47:20.730 [main] INFO  org.catais.av.av_avdpool_next.App - Starting at: Thu Dec 31 14:47:20 CET 2015
14:47:20.732 [main] DEBUG org.catais.av.av_avdpool_next.App - [ Options: [ short {config=[ option: null config  [ARG] :: config.properties file :: class java.lang.String ]} ] [ long {config=[ option: null config  [ARG] :: config.properties file :: class java.lang.String ]} ]
14:47:20.735 [main] DEBUG org.catais.av.av_avdpool_next.App - Config file: config.properties
14:47:20.735 [main] DEBUG org.catais.av.av_avdpool_next.App - Properties from config: {models=DM01AVSO24LV95, dbhost=localhost, dbusr=stefan, defaultSrsCode=2056, dbpwd=ziegler12, dbusrro=mspublic, loglevel=info, dbport=5432, defaultSrsAuth=EPSG, dbdatabase=xanadu2, modeldir=http://www.catais.org/models/, dbschema=av_avdpool_tmp, dbpwdro=mspublic}
14:47:20.735 [main] DEBUG org.catais.av.av_avdpool_next.App - Params: {dbport=5432, models=DM01AVSO24LV95, dbusrro=mspublic, defaultSrsAuth=EPSG, dbschema=av_avdpool_tmp, dbschemaTmp=av_avdpool_tmp, dbpwd=ziegler12, dbdatabase=xanadu2, loglevel=info, dbpwdro=mspublic, dbusr=stefan, dbhost=localhost, defaultSrsCode=2056, modeldir=http://www.catais.org/models/}
14:47:20.735 [main] INFO  org.catais.av.av_avdpool_next.App - Stopping at: Thu Dec 31 14:47:20 CET 2015
14:53:10.271 [main] INFO  org.catais.av.av_avdpool_next.App - Starting at: Thu Dec 31 14:53:10 CET 2015
14:53:10.274 [main] DEBUG org.catais.av.av_avdpool_next.App - [ Options: [ short {config=[ option: null config  [ARG] :: config.properties file :: class java.lang.String ]} ] [ long {config=[ option: null config  [ARG] :: config.properties file :: class java.lang.String ]} ]
14:53:10.276 [main] DEBUG org.catais.av.av_avdpool_next.App - Config file: config.properties
14:53:10.276 [main] DEBUG org.catais.av.av_avdpool_next.App - Properties from config: {models=DM01AVSO24LV95, dbhost=localhost, dbusr=stefan, defaultSrsCode=2056, dbpwd=ziegler12, dbusrro=mspublic, loglevel=info, dbport=5432, defaultSrsAuth=EPSG, dbdatabase=xanadu2, modeldir=http://www.catais.org/models/, dbschema=av_avdpool_tmp, dbpwdro=mspublic}
14:53:10.276 [main] DEBUG org.catais.av.av_avdpool_next.App - Params: {dbport=5432, models=DM01AVSO24LV95, dbusrro=mspublic, defaultSrsAuth=EPSG, dbschema=av_avdpool_tmp, dbschemaTmp=av_avdpool_tmp, dbpwd=ziegler12, dbdatabase=xanadu2, loglevel=info, dbpwdro=mspublic, dbusr=stefan, dbhost=localhost, defaultSrsCode=2056, modeldir=http://www.catais.org/models/}
14:53:10.277 [main] INFO  org.catais.av.av_avdpool_next.App - Stopping at: Thu Dec 31 14:53:10 CET 2015
14:54:15.466 [main] INFO  org.catais.av.av_avdpool_next.App - Starting at: Thu Dec 31 14:54:15 CET 2015
14:54:15.468 [main] DEBUG org.catais.av.av_avdpool_next.App - [ Options: [ short {config=[ option: null config  [ARG] :: config.properties file :: class java.lang.String ]} ] [ long {config=[ option: null config  [ARG] :: config.properties file :: class java.lang.String ]} ]
14:54:15.470 [main] DEBUG org.catais.av.av_avdpool_next.App - Config file: config.properties
14:54:15.471 [main] DEBUG org.catais.av.av_avdpool_next.App - Properties from config: {models=DM01AVSO24LV95, dbhost=localhost, dbusr=stefan, defaultSrsCode=2056, dbpwd=ziegler12, dbusrro=mspublic, loglevel=info, dbport=5432, defaultSrsAuth=EPSG, dbdatabase=xanadu2, modeldir=http://www.catais.org/models/, dbschema=av_avdpool_tmp, dbpwdro=mspublic}
14:54:15.471 [main] DEBUG org.catais.av.av_avdpool_next.App - Params: {dbport=5432, models=DM01AVSO24LV95, dbusrro=mspublic, defaultSrsAuth=EPSG, dbschema=av_avdpool_tmp, dbschemaTmp=av_avdpool_tmp, dbpwd=ziegler12, dbdatabase=xanadu2, loglevel=info, dbpwdro=mspublic, dbusr=stefan, dbhost=localhost, defaultSrsCode=2056, modeldir=http://www.catais.org/models/}
14:54:15.472 [main] DEBUG org.catais.av.av_avdpool_next.PostgresqlDatabase - fubar
14:54:15.472 [main] INFO  org.catais.av.av_avdpool_next.App - Stopping at: Thu Dec 31 14:54:15 CET 2015
14:56:40.078 [main] INFO  org.catais.av.av_avdpool_next.App - Starting at: Thu Dec 31 14:56:40 CET 2015
14:56:40.080 [main] DEBUG org.catais.av.av_avdpool_next.App - [ Options: [ short {config=[ option: null config  [ARG] :: config.properties file :: class java.lang.String ]} ] [ long {config=[ option: null config  [ARG] :: config.properties file :: class java.lang.String ]} ]
14:56:40.082 [main] DEBUG org.catais.av.av_avdpool_next.App - Config file: config.properties
14:56:40.082 [main] DEBUG org.catais.av.av_avdpool_next.App - Properties from config: {models=DM01AVSO24LV95_AVDPOOL, dbhost=localhost, dbschemaTmp=av_avdpool_tmp, dbusr=stefan, defaultSrsCode=2056, dbpwd=ziegler12, dbusrro=mspublic, loglevel=info, dbport=5432, defaultSrsAuth=EPSG, dbdatabase=xanadu2, modeldir=http://www.catais.org/models/, modelsTmp=DM01AVSO24LV95, dbschema=av_avdpool_next, dbpwdro=mspublic}
14:56:40.083 [main] DEBUG org.catais.av.av_avdpool_next.App - Params: {dbport=5432, models=DM01AVSO24LV95_AVDPOOL, dbusrro=mspublic, defaultSrsAuth=EPSG, dbschema=av_avdpool_next, dbschemaTmp=av_avdpool_tmp, dbpwd=ziegler12, dbdatabase=xanadu2, loglevel=info, dbpwdro=mspublic, modelsTmp=DM01AVSO24LV95_AVDPOOL, dbusr=stefan, dbhost=localhost, defaultSrsCode=2056, modeldir=http://www.catais.org/models/}
14:56:40.083 [main] DEBUG org.catais.av.av_avdpool_next.PostgresqlDatabase - fubar
14:56:40.084 [main] INFO  org.catais.av.av_avdpool_next.App - Stopping at: Thu Dec 31 14:56:40 CET 2015
15:16:56.278 [main] INFO  org.catais.av.av_avdpool_next.App - Starting at: Thu Dec 31 15:16:56 CET 2015
15:16:56.280 [main] DEBUG org.catais.av.av_avdpool_next.App - [ Options: [ short {config=[ option: null config  [ARG] :: config.properties file :: class java.lang.String ]} ] [ long {config=[ option: null config  [ARG] :: config.properties file :: class java.lang.String ]} ]
15:16:56.283 [main] DEBUG org.catais.av.av_avdpool_next.App - Config file: config.properties
15:16:56.283 [main] DEBUG org.catais.av.av_avdpool_next.App - Properties from config: {models=DM01AVSO24LV95_AVDPOOL, dbhost=localhost, dbschemaTmp=av_avdpool_tmp, dbusr=stefan, defaultSrsCode=2056, dbpwd=ziegler12, dbusrro=mspublic, loglevel=info, dbport=5432, defaultSrsAuth=EPSG, dbdatabase=xanadu2, modeldir=http://www.catais.org/models/, modelsTmp=DM01AVSO24LV95, dbschema=av_avdpool_next, dbpwdro=mspublic}
15:16:56.283 [main] DEBUG org.catais.av.av_avdpool_next.App - Params: {dbport=5432, models=DM01AVSO24LV95_AVDPOOL, dbusrro=mspublic, defaultSrsAuth=EPSG, dbschema=av_avdpool_next, dbschemaTmp=av_avdpool_next, dbpwd=ziegler12, dbdatabase=xanadu2, loglevel=info, dbpwdro=mspublic, modelsTmp=DM01AVSO24LV95_AVDPOOL, dbusr=stefan, dbhost=localhost, defaultSrsCode=2056, modeldir=http://www.catais.org/models/}
15:16:56.284 [main] DEBUG org.catais.av.av_avdpool_next.PostgresqlDatabase - fubar
15:16:56.288 [main] INFO  org.catais.av.av_avdpool_next.App - Stopping at: Thu Dec 31 15:16:56 CET 2015
15:18:49.292 [main] INFO  org.catais.av.av_avdpool_next.App - Starting at: Thu Dec 31 15:18:49 CET 2015
15:18:49.294 [main] DEBUG org.catais.av.av_avdpool_next.App - [ Options: [ short {config=[ option: null config  [ARG] :: config.properties file :: class java.lang.String ]} ] [ long {config=[ option: null config  [ARG] :: config.properties file :: class java.lang.String ]} ]
15:18:49.296 [main] DEBUG org.catais.av.av_avdpool_next.App - Config file: config.properties
15:18:49.296 [main] DEBUG org.catais.av.av_avdpool_next.App - Properties from config: {models=DM01AVSO24LV95_AVDPOOL, dbhost=localhost, dbschemaTmp=av_avdpool_tmp, dbusr=stefan, defaultSrsCode=2056, dbpwd=ziegler12, dbusrro=mspublic, loglevel=info, dbport=5432, defaultSrsAuth=EPSG, dbdatabase=xanadu2, modeldir=http://www.catais.org/models/, modelsTmp=DM01AVSO24LV95, dbschema=av_avdpool_next, dbpwdro=mspublic}
15:18:49.297 [main] DEBUG org.catais.av.av_avdpool_next.App - Params: {dbport=5432, models=DM01AVSO24LV95_AVDPOOL, dbusrro=mspublic, defaultSrsAuth=EPSG, dbschema=av_avdpool_next, dbschemaTmp=av_avdpool_next, dbpwd=ziegler12, dbdatabase=xanadu2, loglevel=info, dbpwdro=mspublic, modelsTmp=DM01AVSO24LV95_AVDPOOL, dbusr=stefan, dbhost=localhost, defaultSrsCode=2056, modeldir=http://www.catais.org/models/}
15:18:49.302 [main] DEBUG org.catais.av.av_avdpool_next.PostgresqlDatabase - Settings{ch.ehi.sqlgen.createGeomIndex=True;ch.ehi.ili2db.SqlNull=enable;ch.ehi.ili2db.defaultSrsAuthority=EPSG;ch.ehi.ili2db.defaultSrsCode=2056;ch.ehi.ili2db.TidHandling=property;ch.ehi.ili2db.maxSqlNameLength=60;ch.ehi.ili2db.createForeignKeyIndex=yes;ch.ehi.ili2db.uuidDefaultValue=uuid_generate_v4();ch.ehi.ili2db.nameOptimization=topic;ch.ehi.ili2db.StrokeArcs=enable}
15:18:49.302 [main] INFO  org.catais.av.av_avdpool_next.App - Stopping at: Thu Dec 31 15:18:49 CET 2015
15:22:36.565 [main] INFO  org.catais.av.av_avdpool_next.App - Starting at: Thu Dec 31 15:22:36 CET 2015
15:22:36.568 [main] DEBUG org.catais.av.av_avdpool_next.App - [ Options: [ short {config=[ option: null config  [ARG] :: config.properties file :: class java.lang.String ]} ] [ long {config=[ option: null config  [ARG] :: config.properties file :: class java.lang.String ]} ]
15:22:36.570 [main] DEBUG org.catais.av.av_avdpool_next.App - Config file: config.properties
15:22:36.570 [main] DEBUG org.catais.av.av_avdpool_next.App - Properties from config: {models=DM01AVSO24LV95_AVDPOOL, dbhost=localhost, dbschemaTmp=av_avdpool_tmp, dbusr=stefan, defaultSrsCode=2056, dbpwd=ziegler12, dbusrro=mspublic, loglevel=info, dbport=5432, defaultSrsAuth=EPSG, dbdatabase=xanadu2, modeldir=http://www.catais.org/models/, modelsTmp=DM01AVSO24LV95, dbschema=av_avdpool_next, dbpwdro=mspublic}
15:22:36.570 [main] DEBUG org.catais.av.av_avdpool_next.App - Params: {dbport=5432, models=DM01AVSO24LV95_AVDPOOL, dbusrro=mspublic, defaultSrsAuth=EPSG, dbschema=av_avdpool_next, dbschemaTmp=av_avdpool_next, dbpwd=ziegler12, dbdatabase=xanadu2, loglevel=info, dbpwdro=mspublic, modelsTmp=DM01AVSO24LV95_AVDPOOL, dbusr=stefan, dbhost=localhost, defaultSrsCode=2056, modeldir=http://www.catais.org/models/}
15:22:38.811 [main] ERROR org.catais.av.av_avdpool_next.App - compiler failed
15:22:38.811 [main] INFO  org.catais.av.av_avdpool_next.App - Stopping at: Thu Dec 31 15:22:38 CET 2015
15:24:02.122 [main] INFO  org.catais.av.av_avdpool_next.App - Starting at: Thu Dec 31 15:24:02 CET 2015
15:24:02.124 [main] DEBUG org.catais.av.av_avdpool_next.App - [ Options: [ short {config=[ option: null config  [ARG] :: config.properties file :: class java.lang.String ]} ] [ long {config=[ option: null config  [ARG] :: config.properties file :: class java.lang.String ]} ]
15:24:02.127 [main] DEBUG org.catais.av.av_avdpool_next.App - Config file: config.properties
15:24:02.127 [main] DEBUG org.catais.av.av_avdpool_next.App - Properties from config: {models=DM01AVSO24LV95_AVDPOOL, dbhost=localhost, dbschemaTmp=av_avdpool_tmp, dbusr=stefan, defaultSrsCode=2056, dbpwd=ziegler12, dbusrro=mspublic, loglevel=info, dbport=5432, defaultSrsAuth=EPSG, dbdatabase=xanadu2, modeldir=http://www.catais.org/models/, modelsTmp=DM01AVSO24LV95, dbschema=av_avdpool_next, dbpwdro=mspublic}
15:24:02.127 [main] DEBUG org.catais.av.av_avdpool_next.App - Params: {dbport=5432, models=DM01AVSO24LV95_AVDPOOL, dbusrro=mspublic, defaultSrsAuth=EPSG, dbschema=av_avdpool_next, dbschemaTmp=av_avdpool_next, dbpwd=ziegler12, dbdatabase=xanadu2, loglevel=info, dbpwdro=mspublic, modelsTmp=DM01AVSO24LV95_AVDPOOL, dbusr=stefan, dbhost=localhost, defaultSrsCode=2056, modeldir=http://www.catais.org/models/}
15:24:02.402 [main] ERROR org.catais.av.av_avdpool_next.App - compiler failed
15:24:02.402 [main] INFO  org.catais.av.av_avdpool_next.App - Stopping at: Thu Dec 31 15:24:02 CET 2015
15:24:15.910 [main] INFO  org.catais.av.av_avdpool_next.App - Starting at: Thu Dec 31 15:24:15 CET 2015
15:24:15.912 [main] DEBUG org.catais.av.av_avdpool_next.App - [ Options: [ short {config=[ option: null config  [ARG] :: config.properties file :: class java.lang.String ]} ] [ long {config=[ option: null config  [ARG] :: config.properties file :: class java.lang.String ]} ]
15:24:15.915 [main] DEBUG org.catais.av.av_avdpool_next.App - Config file: config.properties
15:24:15.915 [main] DEBUG org.catais.av.av_avdpool_next.App - Properties from config: {models=DM01AVSO24LV95_AVDPOOL, dbhost=localhost, dbschemaTmp=av_avdpool_tmp, dbusr=stefan, defaultSrsCode=2056, dbpwd=ziegler12, dbusrro=mspublic, loglevel=info, dbport=5432, defaultSrsAuth=EPSG, dbdatabase=xanadu2, modeldir=http://www.catais.org/models/, modelsTmp=DM01AVSO24LV95, dbschema=av_avdpool_next, dbpwdro=mspublic}
15:24:15.915 [main] DEBUG org.catais.av.av_avdpool_next.App - Params: {dbport=5432, models=DM01AVSO24LV95_AVDPOOL, dbusrro=mspublic, defaultSrsAuth=EPSG, dbschema=av_avdpool_next, dbschemaTmp=av_avdpool_next, dbpwd=ziegler12, dbdatabase=xanadu2, loglevel=info, dbpwdro=mspublic, modelsTmp=DM01AVSO24LV95_AVDPOOL, dbusr=stefan, dbhost=localhost, defaultSrsCode=2056, modeldir=http://www.catais.org/models/}
15:24:16.659 [main] ERROR org.catais.av.av_avdpool_next.App - compiler failed
15:24:16.659 [main] INFO  org.catais.av.av_avdpool_next.App - Stopping at: Thu Dec 31 15:24:16 CET 2015
15:24:58.298 [main] INFO  org.catais.av.av_avdpool_next.App - Starting at: Thu Dec 31 15:24:58 CET 2015
15:24:58.300 [main] DEBUG org.catais.av.av_avdpool_next.App - [ Options: [ short {config=[ option: null config  [ARG] :: config.properties file :: class java.lang.String ]} ] [ long {config=[ option: null config  [ARG] :: config.properties file :: class java.lang.String ]} ]
15:24:58.302 [main] DEBUG org.catais.av.av_avdpool_next.App - Config file: config.properties
15:24:58.303 [main] DEBUG org.catais.av.av_avdpool_next.App - Properties from config: {models=DM01AVSO24LV95_AVDPOOL, dbhost=localhost, dbschemaTmp=av_avdpool_tmp, dbusr=stefan, defaultSrsCode=2056, dbpwd=ziegler12, dbusrro=mspublic, loglevel=info, dbport=5432, defaultSrsAuth=EPSG, dbdatabase=xanadu2, modeldir=http://www.catais.org/models/, modelsTmp=DM01AVSO24LV95, dbschema=av_avdpool_next, dbpwdro=mspublic}
15:24:58.303 [main] DEBUG org.catais.av.av_avdpool_next.App - Params: {dbport=5432, models=DM01AVSO24LV95_AVDPOOL, dbusrro=mspublic, defaultSrsAuth=EPSG, dbschema=av_avdpool_next, dbschemaTmp=av_avdpool_next, dbpwd=ziegler12, dbdatabase=xanadu2, loglevel=info, dbpwdro=mspublic, modelsTmp=DM01AVSO24LV95_AVDPOOL, dbusr=stefan, dbhost=localhost, defaultSrsCode=2056, modeldir=http://www.catais.org/models/}
15:25:14.801 [main] DEBUG org.catais.av.av_avdpool_next.PostgresqlDatabase - Settings{ch.ehi.sqlgen.createGeomIndex=True;ch.ehi.ili2db.SqlNull=enable;ch.interlis.ili2c.ilidirs=http://www.catais.org/models/;ch.ehi.ili2db.defaultSrsAuthority=EPSG;ch.ehi.ili2db.defaultSrsCode=2056;ch.ehi.ili2db.TidHandling=property;ch.ehi.ili2db.maxSqlNameLength=60;ch.ehi.ili2db.createForeignKeyIndex=yes;ch.ehi.ili2db.uuidDefaultValue=uuid_generate_v4();ch.ehi.ili2db.nameOptimization=topic;ch.ehi.ili2db.StrokeArcs=enable;ch.ehi.sqlgen.jdbcConnection=org.postgresql.jdbc4.Jdbc4Connection@449a4f23;ch.interlis.ili2c.pathMap={%JAR_DIR=, %XTF_DIR=null}}
15:25:14.801 [main] INFO  org.catais.av.av_avdpool_next.App - Stopping at: Thu Dec 31 15:25:14 CET 2015
15:28:48.264 [main] INFO  org.catais.av.av_avdpool_next.App - Starting at: Thu Dec 31 15:28:48 CET 2015
15:28:48.266 [main] DEBUG org.catais.av.av_avdpool_next.App - [ Options: [ short {config=[ option: null config  [ARG] :: config.properties file :: class java.lang.String ]} ] [ long {config=[ option: null config  [ARG] :: config.properties file :: class java.lang.String ]} ]
15:28:48.269 [main] DEBUG org.catais.av.av_avdpool_next.App - Config file: config.properties
15:28:48.269 [main] DEBUG org.catais.av.av_avdpool_next.App - Properties from config: {models=DM01AVSO24LV95_AVDPOOL, dbhost=localhost, dbschemaTmp=av_avdpool_tmp, dbusr=stefan, defaultSrsCode=2056, dbpwd=ziegler12, dbusrro=mspublic, loglevel=info, dbport=5432, defaultSrsAuth=EPSG, dbdatabase=xanadu2, modeldir=http://www.catais.org/models/, modelsTmp=DM01AVSO24LV95, dbschema=av_avdpool_next, dbpwdro=mspublic}
15:28:48.269 [main] DEBUG org.catais.av.av_avdpool_next.App - Params: {dbport=5432, models=DM01AVSO24LV95_AVDPOOL, dbusrro=mspublic, defaultSrsAuth=EPSG, dbschema=av_avdpool_next, dbschemaTmp=av_avdpool_next, dbpwd=ziegler12, dbdatabase=xanadu2, loglevel=info, dbpwdro=mspublic, modelsTmp=DM01AVSO24LV95_AVDPOOL, dbusr=stefan, dbhost=localhost, defaultSrsCode=2056, modeldir=http://www.catais.org/models/}
15:29:05.282 [main] ERROR org.catais.av.av_avdpool_next.App - failed to insert setting
15:29:05.282 [main] INFO  org.catais.av.av_avdpool_next.App - Stopping at: Thu Dec 31 15:29:05 CET 2015
15:30:33.457 [main] INFO  org.catais.av.av_avdpool_next.App - Starting at: Thu Dec 31 15:30:33 CET 2015
15:30:33.460 [main] DEBUG org.catais.av.av_avdpool_next.App - [ Options: [ short {config=[ option: null config  [ARG] :: config.properties file :: class java.lang.String ]} ] [ long {config=[ option: null config  [ARG] :: config.properties file :: class java.lang.String ]} ]
15:30:44.814 [main] INFO  org.catais.av.av_avdpool_next.App - Starting at: Thu Dec 31 15:30:44 CET 2015
15:30:44.816 [main] DEBUG org.catais.av.av_avdpool_next.App - [ Options: [ short {config=[ option: null config  [ARG] :: config.properties file :: class java.lang.String ]} ] [ long {config=[ option: null config  [ARG] :: config.properties file :: class java.lang.String ]} ]
15:30:58.823 [main] INFO  org.catais.av.av_avdpool_next.App - Starting at: Thu Dec 31 15:30:58 CET 2015
15:30:58.825 [main] DEBUG org.catais.av.av_avdpool_next.App - [ Options: [ short {config=[ option: null config  [ARG] :: config.properties file :: class java.lang.String ]} ] [ long {config=[ option: null config  [ARG] :: config.properties file :: class java.lang.String ]} ]
15:30:58.828 [main] DEBUG org.catais.av.av_avdpool_next.App - Config file: config.properties
15:30:58.828 [main] DEBUG org.catais.av.av_avdpool_next.App - Properties from config: {models=DM01AVSO24LV95_AVDPOOL, dbhost=localhost, dbschemaTmp=av_avdpool_tmp, dbusr=stefan, defaultSrsCode=2056, dbpwd=ziegler12, dbusrro=mspublic, loglevel=info, dbport=5432, defaultSrsAuth=EPSG, dbdatabase=xanadu2, modeldir=http://www.catais.org/models/, modelsTmp=DM01AVSO24LV95, dbschema=av_avdpool_next, dbpwdro=mspublic}
15:30:58.828 [main] DEBUG org.catais.av.av_avdpool_next.App - Params: {dbport=5432, models=DM01AVSO24LV95_AVDPOOL, dbusrro=mspublic, defaultSrsAuth=EPSG, dbschema=av_avdpool_next, dbschemaTmp=av_avdpool_next, dbpwd=ziegler12, dbdatabase=xanadu2, loglevel=info, dbpwdro=mspublic, modelsTmp=DM01AVSO24LV95_AVDPOOL, dbusr=stefan, dbhost=localhost, defaultSrsCode=2056, modeldir=http://www.catais.org/models/}
15:31:26.653 [main] INFO  org.catais.av.av_avdpool_next.App - Starting at: Thu Dec 31 15:31:26 CET 2015
15:31:26.655 [main] DEBUG org.catais.av.av_avdpool_next.App - [ Options: [ short {config=[ option: null config  [ARG] :: config.properties file :: class java.lang.String ]} ] [ long {config=[ option: null config  [ARG] :: config.properties file :: class java.lang.String ]} ]
15:31:26.658 [main] DEBUG org.catais.av.av_avdpool_next.App - Config file: config.properties
15:31:26.658 [main] DEBUG org.catais.av.av_avdpool_next.App - Properties from config: {models=DM01AVSO24LV95_AVDPOOL, dbhost=localhost, dbschemaTmp=av_avdpool_tmp, dbusr=stefan, defaultSrsCode=2056, dbpwd=ziegler12, dbusrro=mspublic, loglevel=info, dbport=5432, defaultSrsAuth=EPSG, dbdatabase=xanadu2, modeldir=http://www.catais.org/models/, modelsTmp=DM01AVSO24LV95, dbschema=av_avdpool_next, dbpwdro=mspublic}
15:31:26.658 [main] DEBUG org.catais.av.av_avdpool_next.App - Params: {dbport=5432, models=DM01AVSO24LV95_AVDPOOL, dbusrro=mspublic, defaultSrsAuth=EPSG, dbschema=av_avdpool_next, dbschemaTmp=av_avdpool_next, dbpwd=ziegler12, dbdatabase=xanadu2, loglevel=info, dbpwdro=mspublic, modelsTmp=DM01AVSO24LV95_AVDPOOL, dbusr=stefan, dbhost=localhost, defaultSrsCode=2056, modeldir=http://www.catais.org/models/}
15:31:26.659 [main] INFO  org.catais.av.av_avdpool_next.App - Stopping at: Thu Dec 31 15:31:26 CET 2015
15:31:35.544 [main] INFO  org.catais.av.av_avdpool_next.App - Starting at: Thu Dec 31 15:31:35 CET 2015
15:31:35.547 [main] DEBUG org.catais.av.av_avdpool_next.App - [ Options: [ short {config=[ option: null config  [ARG] :: config.properties file :: class java.lang.String ]} ] [ long {config=[ option: null config  [ARG] :: config.properties file :: class java.lang.String ]} ]
15:31:35.549 [main] DEBUG org.catais.av.av_avdpool_next.App - Config file: config.properties
15:31:35.549 [main] DEBUG org.catais.av.av_avdpool_next.App - Properties from config: {models=DM01AVSO24LV95_AVDPOOL, dbhost=localhost, dbschemaTmp=av_avdpool_tmp, dbusr=stefan, defaultSrsCode=2056, dbpwd=ziegler12, dbusrro=mspublic, loglevel=info, dbport=5432, defaultSrsAuth=EPSG, dbdatabase=xanadu2, modeldir=http://www.catais.org/models/, modelsTmp=DM01AVSO24LV95, dbschema=av_avdpool_next, dbpwdro=mspublic}
15:31:35.550 [main] DEBUG org.catais.av.av_avdpool_next.App - Params: {dbport=5432, models=DM01AVSO24LV95_AVDPOOL, dbusrro=mspublic, defaultSrsAuth=EPSG, dbschema=av_avdpool_next, dbschemaTmp=av_avdpool_next, dbpwd=ziegler12, dbdatabase=xanadu2, loglevel=info, dbpwdro=mspublic, modelsTmp=DM01AVSO24LV95_AVDPOOL, dbusr=stefan, dbhost=localhost, defaultSrsCode=2056, modeldir=http://www.catais.org/models/}
15:31:35.551 [main] INFO  org.catais.av.av_avdpool_next.App - Stopping at: Thu Dec 31 15:31:35 CET 2015
15:42:01.189 [main] INFO  org.catais.av.av_avdpool_next.App - Starting at: Thu Dec 31 15:42:01 CET 2015
15:42:01.191 [main] DEBUG org.catais.av.av_avdpool_next.App - [ Options: [ short {config=[ option: null config  [ARG] :: config.properties file :: class java.lang.String ]} ] [ long {config=[ option: null config  [ARG] :: config.properties file :: class java.lang.String ]} ]
15:42:01.194 [main] DEBUG org.catais.av.av_avdpool_next.App - Config file: config.properties
15:42:01.194 [main] DEBUG org.catais.av.av_avdpool_next.App - Properties from config: {models=DM01AVSO24LV95_AVDPOOL, dbhost=localhost, dbschemaTmp=av_avdpool_tmp, dbusr=stefan, defaultSrsCode=2056, dbpwd=ziegler12, dbusrro=mspublic, loglevel=info, dbport=5432, defaultSrsAuth=EPSG, dbdatabase=xanadu2, modeldir=http://www.catais.org/models/, modelsTmp=DM01AVSO24LV95, dbschema=av_avdpool_next, dbpwdro=mspublic}
15:42:01.194 [main] DEBUG org.catais.av.av_avdpool_next.App - Params: {dbport=5432, models=DM01AVSO24LV95_AVDPOOL, dbusrro=mspublic, defaultSrsAuth=EPSG, dbschema=av_avdpool_next, dbschemaTmp=av_avdpool_next, dbpwd=ziegler12, dbdatabase=xanadu2, loglevel=info, dbpwdro=mspublic, modelsTmp=DM01AVSO24LV95_AVDPOOL, dbusr=stefan, dbhost=localhost, defaultSrsCode=2056, modeldir=http://www.catais.org/models/}
15:42:01.195 [main] INFO  org.catais.av.av_avdpool_next.App - Stopping at: Thu Dec 31 15:42:01 CET 2015
15:44:18.946 [main] INFO  org.catais.av.av_avdpool_next.App - Starting at: Thu Dec 31 15:44:18 CET 2015
15:44:18.949 [main] DEBUG org.catais.av.av_avdpool_next.App - [ Options: [ short {config=[ option: null config  [ARG] :: config.properties file :: class java.lang.String ]} ] [ long {config=[ option: null config  [ARG] :: config.properties file :: class java.lang.String ]} ]
15:44:18.951 [main] DEBUG org.catais.av.av_avdpool_next.App - Config file: config.properties
15:44:18.951 [main] DEBUG org.catais.av.av_avdpool_next.App - Properties from config: {models=DM01AVSO24LV95_AVDPOOL, dbhost=localhost, dbschemaTmp=av_avdpool_tmp, dbusr=stefan, defaultSrsCode=2056, dbpwd=ziegler12, dbusrro=mspublic, loglevel=info, dbport=5432, defaultSrsAuth=EPSG, dbdatabase=xanadu2, modeldir=http://www.catais.org/models/, modelsTmp=DM01AVSO24LV95, dbschema=av_avdpool_next, dbpwdro=mspublic}
15:44:18.951 [main] DEBUG org.catais.av.av_avdpool_next.App - Params: {dbport=5432, models=DM01AVSO24LV95_AVDPOOL, dbusrro=mspublic, defaultSrsAuth=EPSG, dbschema=av_avdpool_next, dbschemaTmp=av_avdpool_next, dbpwd=ziegler12, dbdatabase=xanadu2, loglevel=info, dbpwdro=mspublic, modelsTmp=DM01AVSO24LV95_AVDPOOL, dbusr=stefan, dbhost=localhost, defaultSrsCode=2056, modeldir=http://www.catais.org/models/}
15:44:35.286 [main] DEBUG org.catais.av.av_avdpool_next.PostgresqlDatabase - Settings{ch.ehi.sqlgen.createGeomIndex=True;ch.ehi.ili2db.SqlNull=enable;ch.interlis.ili2c.ilidirs=http://www.catais.org/models/;ch.ehi.ili2db.createEnumDefs=singleTable;ch.ehi.ili2db.defaultSrsAuthority=EPSG;ch.ehi.ili2db.defaultSrsCode=2056;ch.ehi.ili2db.TidHandling=property;ch.ehi.ili2db.maxSqlNameLength=60;ch.ehi.ili2db.createForeignKeyIndex=yes;ch.ehi.ili2db.uuidDefaultValue=uuid_generate_v4();ch.ehi.ili2db.nameOptimization=topic;ch.ehi.ili2db.StrokeArcs=enable;ch.ehi.sqlgen.jdbcConnection=org.postgresql.jdbc4.Jdbc4Connection@470734c3;ch.interlis.ili2c.pathMap={%JAR_DIR=, %XTF_DIR=null}}
15:44:35.286 [main] INFO  org.catais.av.av_avdpool_next.App - Stopping at: Thu Dec 31 15:44:35 CET 2015
15:48:33.783 [main] INFO  org.catais.av.av_avdpool_next.App - Starting at: Thu Dec 31 15:48:33 CET 2015
15:48:33.785 [main] DEBUG org.catais.av.av_avdpool_next.App - [ Options: [ short {config=[ option: null config  [ARG] :: config.properties file :: class java.lang.String ]} ] [ long {config=[ option: null config  [ARG] :: config.properties file :: class java.lang.String ]} ]
15:48:33.788 [main] DEBUG org.catais.av.av_avdpool_next.App - Config file: config.properties
15:48:33.788 [main] DEBUG org.catais.av.av_avdpool_next.App - Properties from config: {models=DM01AVSO24LV95_AVDPOOL, dbhost=localhost, dbschemaTmp=av_avdpool_tmp, dbusr=stefan, defaultSrsCode=2056, dbpwd=ziegler12, dbusrro=mspublic, loglevel=info, dbport=5432, defaultSrsAuth=EPSG, dbdatabase=xanadu2, modeldir=http://www.catais.org/models/, modelsTmp=DM01AVSO24LV95, dbschema=av_avdpool_next, dbpwdro=mspublic}
15:48:33.789 [main] DEBUG org.catais.av.av_avdpool_next.App - Params: {dbport=5432, models=DM01AVSO24LV95_AVDPOOL, dbusrro=mspublic, defaultSrsAuth=EPSG, dbschema=av_avdpool_next, dbschemaTmp=av_avdpool_next, dbpwd=ziegler12, dbdatabase=xanadu2, loglevel=info, dbpwdro=mspublic, modelsTmp=DM01AVSO24LV95_AVDPOOL, dbusr=stefan, dbhost=localhost, defaultSrsCode=2056, modeldir=http://www.catais.org/models/}
15:48:56.925 [main] DEBUG org.catais.av.av_avdpool_next.PostgresqlDatabase - Settings{ch.ehi.sqlgen.createGeomIndex=True;ch.ehi.ili2db.SqlNull=enable;ch.interlis.ili2c.ilidirs=http://www.catais.org/models/;ch.ehi.ili2db.createEnumDefs=multiTable;ch.ehi.ili2db.defaultSrsAuthority=EPSG;ch.ehi.ili2db.defaultSrsCode=2056;ch.ehi.ili2db.TidHandling=property;ch.ehi.ili2db.maxSqlNameLength=60;ch.ehi.ili2db.createForeignKeyIndex=yes;ch.ehi.ili2db.uuidDefaultValue=uuid_generate_v4();ch.ehi.ili2db.nameOptimization=topic;ch.ehi.ili2db.StrokeArcs=enable;ch.ehi.sqlgen.jdbcConnection=org.postgresql.jdbc4.Jdbc4Connection@2cb4893b;ch.interlis.ili2c.pathMap={%JAR_DIR=, %XTF_DIR=null}}
15:48:56.926 [main] INFO  org.catais.av.av_avdpool_next.App - Stopping at: Thu Dec 31 15:48:56 CET 2015
15:50:18.695 [main] INFO  org.catais.av.av_avdpool_next.App - Starting at: Thu Dec 31 15:50:18 CET 2015
15:50:18.697 [main] DEBUG org.catais.av.av_avdpool_next.App - [ Options: [ short {config=[ option: null config  [ARG] :: config.properties file :: class java.lang.String ]} ] [ long {config=[ option: null config  [ARG] :: config.properties file :: class java.lang.String ]} ]
15:50:18.700 [main] DEBUG org.catais.av.av_avdpool_next.App - Config file: config.properties
15:50:18.700 [main] DEBUG org.catais.av.av_avdpool_next.App - Properties from config: {models=DM01AVSO24LV95_AVDPOOL, dbhost=localhost, dbschemaTmp=av_avdpool_tmp, dbusr=stefan, defaultSrsCode=2056, dbpwd=ziegler12, dbusrro=mspublic, loglevel=info, dbport=5432, defaultSrsAuth=EPSG, dbdatabase=xanadu2, modeldir=http://www.catais.org/models/, modelsTmp=DM01AVSO24LV95, dbschema=av_avdpool_next, dbpwdro=mspublic}
15:50:18.700 [main] DEBUG org.catais.av.av_avdpool_next.App - Params: {dbport=5432, models=DM01AVSO24LV95_AVDPOOL, dbusrro=mspublic, defaultSrsAuth=EPSG, dbschema=av_avdpool_next, dbschemaTmp=av_avdpool_next, dbpwd=ziegler12, dbdatabase=xanadu2, loglevel=info, dbpwdro=mspublic, modelsTmp=DM01AVSO24LV95_AVDPOOL, dbusr=stefan, dbhost=localhost, defaultSrsCode=2056, modeldir=http://www.catais.org/models/}
15:50:42.022 [main] DEBUG org.catais.av.av_avdpool_next.PostgresqlDatabase - Settings{ch.ehi.sqlgen.createGeomIndex=True;ch.ehi.ili2db.SqlNull=enable;ch.interlis.ili2c.ilidirs=http://www.catais.org/models/;ch.ehi.ili2db.createEnumDefs=multiTable;ch.ehi.ili2db.defaultSrsAuthority=EPSG;ch.ehi.ili2db.defaultSrsCode=2056;ch.ehi.ili2db.TidHandling=property;ch.ehi.ili2db.maxSqlNameLength=60;ch.ehi.ili2db.createForeignKeyIndex=yes;ch.ehi.ili2db.uuidDefaultValue=uuid_generate_v4();ch.ehi.ili2db.nameOptimization=topic;ch.ehi.ili2db.StrokeArcs=enable;ch.ehi.sqlgen.jdbcConnection=org.postgresql.jdbc4.Jdbc4Connection@7a35b0f5;ch.interlis.ili2c.pathMap={%JAR_DIR=, %XTF_DIR=null}}
15:50:42.023 [main] INFO  org.catais.av.av_avdpool_next.App - Stopping at: Thu Dec 31 15:50:42 CET 2015
15:53:47.359 [main] INFO  org.catais.av.av_avdpool_next.App - Starting at: Thu Dec 31 15:53:47 CET 2015
15:53:47.361 [main] DEBUG org.catais.av.av_avdpool_next.App - [ Options: [ short {config=[ option: null config  [ARG] :: config.properties file :: class java.lang.String ], init=[ option: null init  :: create database schema :: class java.lang.String ]} ] [ long {config=[ option: null config  [ARG] :: config.properties file :: class java.lang.String ], init=[ option: null init  :: create database schema :: class java.lang.String ]} ]
15:53:47.364 [main] DEBUG org.catais.av.av_avdpool_next.App - null
15:53:47.364 [main] DEBUG org.catais.av.av_avdpool_next.App - Properties from config: {models=DM01AVSO24LV95_AVDPOOL, dbhost=localhost, dbschemaTmp=av_avdpool_tmp, dbusr=stefan, defaultSrsCode=2056, dbpwd=ziegler12, dbusrro=mspublic, loglevel=info, dbport=5432, defaultSrsAuth=EPSG, dbdatabase=xanadu2, modeldir=http://www.catais.org/models/, modelsTmp=DM01AVSO24LV95, dbschema=av_avdpool_next, dbpwdro=mspublic}
15:53:47.364 [main] DEBUG org.catais.av.av_avdpool_next.App - Params: {dbport=5432, models=DM01AVSO24LV95_AVDPOOL, dbusrro=mspublic, defaultSrsAuth=EPSG, dbschema=av_avdpool_next, dbschemaTmp=av_avdpool_next, dbpwd=ziegler12, dbdatabase=xanadu2, loglevel=info, dbpwdro=mspublic, modelsTmp=DM01AVSO24LV95_AVDPOOL, dbusr=stefan, dbhost=localhost, defaultSrsCode=2056, modeldir=http://www.catais.org/models/}
15:53:47.365 [main] INFO  org.catais.av.av_avdpool_next.App - Stopping at: Thu Dec 31 15:53:47 CET 2015
15:54:42.637 [main] INFO  org.catais.av.av_avdpool_next.App - Starting at: Thu Dec 31 15:54:42 CET 2015
15:54:42.639 [main] DEBUG org.catais.av.av_avdpool_next.App - [ Options: [ short {config=[ option: null config  [ARG] :: config.properties file :: class java.lang.String ], init=[ option: null init  :: create database schema :: class java.lang.String ]} ] [ long {config=[ option: null config  [ARG] :: config.properties file :: class java.lang.String ], init=[ option: null init  :: create database schema :: class java.lang.String ]} ]
15:54:42.642 [main] DEBUG org.catais.av.av_avdpool_next.App - false
15:54:42.642 [main] DEBUG org.catais.av.av_avdpool_next.App - Properties from config: {models=DM01AVSO24LV95_AVDPOOL, dbhost=localhost, dbschemaTmp=av_avdpool_tmp, dbusr=stefan, defaultSrsCode=2056, dbpwd=ziegler12, dbusrro=mspublic, loglevel=info, dbport=5432, defaultSrsAuth=EPSG, dbdatabase=xanadu2, modeldir=http://www.catais.org/models/, modelsTmp=DM01AVSO24LV95, dbschema=av_avdpool_next, dbpwdro=mspublic}
15:54:42.642 [main] DEBUG org.catais.av.av_avdpool_next.App - Params: {dbport=5432, models=DM01AVSO24LV95_AVDPOOL, dbusrro=mspublic, defaultSrsAuth=EPSG, dbschema=av_avdpool_next, dbschemaTmp=av_avdpool_next, dbpwd=ziegler12, dbdatabase=xanadu2, loglevel=info, dbpwdro=mspublic, modelsTmp=DM01AVSO24LV95_AVDPOOL, dbusr=stefan, dbhost=localhost, defaultSrsCode=2056, modeldir=http://www.catais.org/models/}
15:54:42.643 [main] INFO  org.catais.av.av_avdpool_next.App - Stopping at: Thu Dec 31 15:54:42 CET 2015
15:55:53.070 [main] INFO  org.catais.av.av_avdpool_next.App - Starting at: Thu Dec 31 15:55:53 CET 2015
15:55:53.072 [main] DEBUG org.catais.av.av_avdpool_next.App - [ Options: [ short {config=[ option: null config  [ARG] :: config.properties file :: class java.lang.String ], init=[ option: null init  :: create database schema :: class java.lang.String ]} ] [ long {config=[ option: null config  [ARG] :: config.properties file :: class java.lang.String ], init=[ option: null init  :: create database schema :: class java.lang.String ]} ]
15:55:53.074 [main] DEBUG org.catais.av.av_avdpool_next.App - Properties from config: {models=DM01AVSO24LV95_AVDPOOL, dbhost=localhost, dbschemaTmp=av_avdpool_tmp, dbusr=stefan, defaultSrsCode=2056, dbpwd=ziegler12, dbusrro=mspublic, loglevel=info, dbport=5432, defaultSrsAuth=EPSG, dbdatabase=xanadu2, modeldir=http://www.catais.org/models/, modelsTmp=DM01AVSO24LV95, dbschema=av_avdpool_next, dbpwdro=mspublic}
15:55:53.075 [main] DEBUG org.catais.av.av_avdpool_next.App - Params: {dbport=5432, models=DM01AVSO24LV95_AVDPOOL, dbusrro=mspublic, defaultSrsAuth=EPSG, dbschema=av_avdpool_next, dbschemaTmp=av_avdpool_next, dbpwd=ziegler12, dbdatabase=xanadu2, loglevel=info, dbpwdro=mspublic, modelsTmp=DM01AVSO24LV95_AVDPOOL, dbusr=stefan, dbhost=localhost, defaultSrsCode=2056, modeldir=http://www.catais.org/models/}
15:55:53.076 [main] INFO  org.catais.av.av_avdpool_next.App - Stopping at: Thu Dec 31 15:55:53 CET 2015
15:56:17.506 [main] INFO  org.catais.av.av_avdpool_next.App - Starting at: Thu Dec 31 15:56:17 CET 2015
15:56:17.508 [main] DEBUG org.catais.av.av_avdpool_next.App - [ Options: [ short {config=[ option: null config  [ARG] :: config.properties file :: class java.lang.String ], init=[ option: null init  :: create database schema :: class java.lang.String ]} ] [ long {config=[ option: null config  [ARG] :: config.properties file :: class java.lang.String ], init=[ option: null init  :: create database schema :: class java.lang.String ]} ]
15:56:17.511 [main] DEBUG org.catais.av.av_avdpool_next.App - Properties from config: {models=DM01AVSO24LV95_AVDPOOL, dbhost=localhost, dbschemaTmp=av_avdpool_tmp, dbusr=stefan, defaultSrsCode=2056, dbpwd=ziegler12, dbusrro=mspublic, loglevel=info, dbport=5432, defaultSrsAuth=EPSG, dbdatabase=xanadu2, modeldir=http://www.catais.org/models/, modelsTmp=DM01AVSO24LV95, dbschema=av_avdpool_next, dbpwdro=mspublic}
15:56:17.511 [main] DEBUG org.catais.av.av_avdpool_next.App - Params: {dbport=5432, models=DM01AVSO24LV95_AVDPOOL, dbusrro=mspublic, defaultSrsAuth=EPSG, dbschema=av_avdpool_next, dbschemaTmp=av_avdpool_next, dbpwd=ziegler12, dbdatabase=xanadu2, loglevel=info, dbpwdro=mspublic, modelsTmp=DM01AVSO24LV95_AVDPOOL, dbusr=stefan, dbhost=localhost, defaultSrsCode=2056, modeldir=http://www.catais.org/models/}
15:56:17.512 [main] DEBUG org.catais.av.av_avdpool_next.App - initiiii
15:56:17.512 [main] INFO  org.catais.av.av_avdpool_next.App - Stopping at: Thu Dec 31 15:56:17 CET 2015
15:59:52.596 [main] INFO  org.catais.av.av_avdpool_next.App - Starting at: Thu Dec 31 15:59:52 CET 2015
15:59:52.598 [main] DEBUG org.catais.av.av_avdpool_next.App - [ Options: [ short {config=[ option: null config  [ARG] :: config.properties file :: class java.lang.String ], init=[ option: null init  :: create database schema :: class java.lang.String ]} ] [ long {config=[ option: null config  [ARG] :: config.properties file :: class java.lang.String ], init=[ option: null init  :: create database schema :: class java.lang.String ]} ]
15:59:52.600 [main] DEBUG org.catais.av.av_avdpool_next.App - Properties from config: {models=DM01AVSO24LV95_AVDPOOL, dbhost=localhost, dbschemaTmp=av_avdpool_tmp, dbusr=stefan, defaultSrsCode=2056, dbpwd=ziegler12, dbusrro=mspublic, loglevel=info, dbport=5432, defaultSrsAuth=EPSG, dbdatabase=xanadu2, modeldir=http://www.catais.org/models/, modelsTmp=DM01AVSO24LV95, dbschema=av_avdpool_next, dbpwdro=mspublic}
15:59:52.601 [main] DEBUG org.catais.av.av_avdpool_next.App - Params: {dbport=5432, models=DM01AVSO24LV95_AVDPOOL, dbusrro=mspublic, defaultSrsAuth=EPSG, dbschema=av_avdpool_next, dbschemaTmp=av_avdpool_next, dbpwd=ziegler12, dbdatabase=xanadu2, loglevel=info, dbpwdro=mspublic, modelsTmp=DM01AVSO24LV95_AVDPOOL, dbusr=stefan, dbhost=localhost, defaultSrsCode=2056, modeldir=http://www.catais.org/models/}
16:00:16.202 [main] DEBUG org.catais.av.av_avdpool_next.PostgresqlDatabase - Settings{ch.ehi.sqlgen.createGeomIndex=True;ch.ehi.ili2db.SqlNull=enable;ch.interlis.ili2c.ilidirs=http://www.catais.org/models/;ch.ehi.ili2db.createEnumDefs=multiTable;ch.ehi.ili2db.defaultSrsAuthority=EPSG;ch.ehi.ili2db.defaultSrsCode=2056;ch.ehi.ili2db.TidHandling=property;ch.ehi.ili2db.maxSqlNameLength=60;ch.ehi.ili2db.createForeignKeyIndex=yes;ch.ehi.ili2db.uuidDefaultValue=uuid_generate_v4();ch.ehi.ili2db.nameOptimization=topic;ch.ehi.ili2db.StrokeArcs=enable;ch.ehi.sqlgen.jdbcConnection=org.postgresql.jdbc4.Jdbc4Connection@2cb4893b;ch.interlis.ili2c.pathMap={%JAR_DIR=, %XTF_DIR=null}}
16:00:16.202 [main] INFO  org.catais.av.av_avdpool_next.App - Stopping at: Thu Dec 31 16:00:16 CET 2015
16:00:23.912 [main] INFO  org.catais.av.av_avdpool_next.App - Starting at: Thu Dec 31 16:00:23 CET 2015
16:00:23.914 [main] DEBUG org.catais.av.av_avdpool_next.App - [ Options: [ short {config=[ option: null config  [ARG] :: config.properties file :: class java.lang.String ], init=[ option: null init  :: create database schema :: class java.lang.String ]} ] [ long {config=[ option: null config  [ARG] :: config.properties file :: class java.lang.String ], init=[ option: null init  :: create database schema :: class java.lang.String ]} ]
16:00:23.916 [main] DEBUG org.catais.av.av_avdpool_next.App - Properties from config: {models=DM01AVSO24LV95_AVDPOOL, dbhost=localhost, dbschemaTmp=av_avdpool_tmp, dbusr=stefan, defaultSrsCode=2056, dbpwd=ziegler12, dbusrro=mspublic, loglevel=info, dbport=5432, defaultSrsAuth=EPSG, dbdatabase=xanadu2, modeldir=http://www.catais.org/models/, modelsTmp=DM01AVSO24LV95, dbschema=av_avdpool_next, dbpwdro=mspublic}
16:00:23.916 [main] DEBUG org.catais.av.av_avdpool_next.App - Params: {dbport=5432, models=DM01AVSO24LV95_AVDPOOL, dbusrro=mspublic, defaultSrsAuth=EPSG, dbschema=av_avdpool_next, dbschemaTmp=av_avdpool_next, dbpwd=ziegler12, dbdatabase=xanadu2, loglevel=info, dbpwdro=mspublic, modelsTmp=DM01AVSO24LV95_AVDPOOL, dbusr=stefan, dbhost=localhost, defaultSrsCode=2056, modeldir=http://www.catais.org/models/}
16:00:23.917 [main] INFO  org.catais.av.av_avdpool_next.App - Stopping at: Thu Dec 31 16:00:23 CET 2015
10:28:15.522 [main] INFO  org.catais.av.av_avdpool_next.App - Starting at: Fri Jan 01 10:28:15 CET 2016
10:28:15.526 [main] DEBUG org.catais.av.av_avdpool_next.App - [ Options: [ short {config=[ option: null config  [ARG] :: config.properties file :: class java.lang.String ], init=[ option: null init  :: create database schema :: class java.lang.String ]} ] [ long {config=[ option: null config  [ARG] :: config.properties file :: class java.lang.String ], init=[ option: null init  :: create database schema :: class java.lang.String ]} ]
10:28:15.529 [main] DEBUG org.catais.av.av_avdpool_next.App - Properties from config: {models=DM01AVSO24LV95_AVDPOOL, dbhost=localhost, dbschemaTmp=av_avdpool_tmp, dbusr=stefan, defaultSrsCode=2056, dbpwd=ziegler12, dbusrro=mspublic, loglevel=info, dbport=5432, defaultSrsAuth=EPSG, dbdatabase=xanadu2, modeldir=http://www.catais.org/models/, modelsTmp=DM01AVSO24LV95, dbschema=av_avdpool_next, dbpwdro=mspublic}
10:28:15.529 [main] DEBUG org.catais.av.av_avdpool_next.App - Params: {dbport=5432, models=DM01AVSO24LV95_AVDPOOL, dbusrro=mspublic, defaultSrsAuth=EPSG, dbschema=av_avdpool_next, dbschemaTmp=av_avdpool_next, dbpwd=ziegler12, dbdatabase=xanadu2, loglevel=info, dbpwdro=mspublic, modelsTmp=DM01AVSO24LV95_AVDPOOL, dbusr=stefan, dbhost=localhost, defaultSrsCode=2056, modeldir=http://www.catais.org/models/}
10:28:15.530 [main] INFO  org.catais.av.av_avdpool_next.App - Stopping at: Fri Jan 01 10:28:15 CET 2016
10:28:26.883 [main] INFO  org.catais.av.av_avdpool_next.App - Starting at: Fri Jan 01 10:28:26 CET 2016
10:28:26.886 [main] DEBUG org.catais.av.av_avdpool_next.App - [ Options: [ short {config=[ option: null config  [ARG] :: config.properties file :: class java.lang.String ], init=[ option: null init  :: create database schema :: class java.lang.String ]} ] [ long {config=[ option: null config  [ARG] :: config.properties file :: class java.lang.String ], init=[ option: null init  :: create database schema :: class java.lang.String ]} ]
10:28:26.888 [main] DEBUG org.catais.av.av_avdpool_next.App - Properties from config: {models=DM01AVSO24LV95_AVDPOOL, dbhost=localhost, dbschemaTmp=av_avdpool_tmp, dbusr=stefan, defaultSrsCode=2056, dbpwd=ziegler12, dbusrro=mspublic, loglevel=info, dbport=5432, defaultSrsAuth=EPSG, dbdatabase=xanadu2, modeldir=http://www.catais.org/models/, modelsTmp=DM01AVSO24LV95, dbschema=av_avdpool_next, dbpwdro=mspublic}
10:28:26.888 [main] DEBUG org.catais.av.av_avdpool_next.App - Params: {dbport=5432, models=DM01AVSO24LV95_AVDPOOL, dbusrro=mspublic, defaultSrsAuth=EPSG, dbschema=av_avdpool_next, dbschemaTmp=av_avdpool_next, dbpwd=ziegler12, dbdatabase=xanadu2, loglevel=info, dbpwdro=mspublic, modelsTmp=DM01AVSO24LV95_AVDPOOL, dbusr=stefan, dbhost=localhost, defaultSrsCode=2056, modeldir=http://www.catais.org/models/}
10:28:26.889 [main] INFO  org.catais.av.av_avdpool_next.App - Stopping at: Fri Jan 01 10:28:26 CET 2016
10:28:40.012 [main] INFO  org.catais.av.av_avdpool_next.App - Starting at: Fri Jan 01 10:28:40 CET 2016
10:28:40.014 [main] DEBUG org.catais.av.av_avdpool_next.App - [ Options: [ short {config=[ option: null config  [ARG] :: config.properties file :: class java.lang.String ], init=[ option: null init  :: create database schema :: class java.lang.String ]} ] [ long {config=[ option: null config  [ARG] :: config.properties file :: class java.lang.String ], init=[ option: null init  :: create database schema :: class java.lang.String ]} ]
10:28:40.016 [main] DEBUG org.catais.av.av_avdpool_next.App - Properties from config: {models=DM01AVSO24LV95_AVDPOOL, dbhost=localhost, dbschemaTmp=av_avdpool_tmp, dbusr=stefan, defaultSrsCode=2056, dbpwd=ziegler12, dbusrro=mspublic, loglevel=info, dbport=5432, defaultSrsAuth=EPSG, dbdatabase=xanadu2, modeldir=http://www.catais.org/models/, modelsTmp=DM01AVSO24LV95, dbschema=av_avdpool_next, dbpwdro=mspublic}
10:28:40.017 [main] DEBUG org.catais.av.av_avdpool_next.App - Params: {dbport=5432, models=DM01AVSO24LV95_AVDPOOL, dbusrro=mspublic, defaultSrsAuth=EPSG, dbschema=av_avdpool_next, dbschemaTmp=av_avdpool_next, dbpwd=ziegler12, dbdatabase=xanadu2, loglevel=info, dbpwdro=mspublic, modelsTmp=DM01AVSO24LV95_AVDPOOL, dbusr=stefan, dbhost=localhost, defaultSrsCode=2056, modeldir=http://www.catais.org/models/}
10:29:26.900 [main] ERROR org.catais.av.av_avdpool_next.App - failed to insert setting
10:29:26.900 [main] INFO  org.catais.av.av_avdpool_next.App - Stopping at: Fri Jan 01 10:29:26 CET 2016
10:30:28.407 [main] INFO  org.catais.av.av_avdpool_next.App - Starting at: Fri Jan 01 10:30:28 CET 2016
10:30:28.409 [main] DEBUG org.catais.av.av_avdpool_next.App - [ Options: [ short {config=[ option: null config  [ARG] :: config.properties file :: class java.lang.String ], init=[ option: null init  :: create database schema :: class java.lang.String ]} ] [ long {config=[ option: null config  [ARG] :: config.properties file :: class java.lang.String ], init=[ option: null init  :: create database schema :: class java.lang.String ]} ]
10:30:28.412 [main] DEBUG org.catais.av.av_avdpool_next.App - Properties from config: {models=DM01AVSO24LV95_AVDPOOL, dbhost=localhost, dbschemaTmp=av_avdpool_tmp, dbusr=stefan, defaultSrsCode=2056, dbpwd=ziegler12, dbusrro=mspublic, loglevel=info, dbport=5432, defaultSrsAuth=EPSG, dbdatabase=xanadu2, modeldir=http://www.catais.org/models/, modelsTmp=DM01AVSO24LV95, dbschema=av_avdpool_next, dbpwdro=mspublic}
10:30:28.412 [main] DEBUG org.catais.av.av_avdpool_next.App - Params: {dbport=5432, models=DM01AVSO24LV95_AVDPOOL, dbusrro=mspublic, defaultSrsAuth=EPSG, dbschema=av_avdpool_next, dbschemaTmp=av_avdpool_next, dbpwd=ziegler12, dbdatabase=xanadu2, loglevel=info, dbpwdro=mspublic, modelsTmp=DM01AVSO24LV95_AVDPOOL, dbusr=stefan, dbhost=localhost, defaultSrsCode=2056, modeldir=http://www.catais.org/models/}
10:31:15.277 [main] ERROR org.catais.av.av_avdpool_next.App - failed to insert setting
10:31:15.279 [main] INFO  org.catais.av.av_avdpool_next.App - Stopping at: Fri Jan 01 10:31:15 CET 2016
10:33:12.742 [main] INFO  org.catais.av.av_avdpool_next.App - Starting at: Fri Jan 01 10:33:12 CET 2016
10:33:12.744 [main] DEBUG org.catais.av.av_avdpool_next.App - [ Options: [ short {config=[ option: null config  [ARG] :: config.properties file :: class java.lang.String ], init=[ option: null init  :: create database schema :: class java.lang.String ]} ] [ long {config=[ option: null config  [ARG] :: config.properties file :: class java.lang.String ], init=[ option: null init  :: create database schema :: class java.lang.String ]} ]
10:33:12.747 [main] DEBUG org.catais.av.av_avdpool_next.App - Properties from config: {models=DM01AVSO24LV95_AVDPOOL, dbhost=localhost, dbschemaTmp=av_avdpool_tmp, dbusr=stefan, defaultSrsCode=2056, dbpwd=ziegler12, dbusrro=mspublic, loglevel=info, dbport=5432, defaultSrsAuth=EPSG, dbdatabase=xanadu2, modeldir=http://www.catais.org/models/, modelsTmp=DM01AVSO24LV95, dbschema=av_avdpool_next, dbpwdro=mspublic}
10:33:12.747 [main] DEBUG org.catais.av.av_avdpool_next.App - Params: {dbport=5432, models=DM01AVSO24LV95_AVDPOOL, dbusrro=mspublic, defaultSrsAuth=EPSG, dbschema=av_avdpool_next, dbschemaTmp=av_avdpool_next, dbpwd=ziegler12, dbdatabase=xanadu2, loglevel=info, dbpwdro=mspublic, modelsTmp=DM01AVSO24LV95_AVDPOOL, dbusr=stefan, dbhost=localhost, defaultSrsCode=2056, modeldir=http://www.catais.org/models/}
10:33:12.749 [main] DEBUG org.catais.av.av_avdpool_next.PostgresqlDatabase - config dbschema :av_avdpool_next
10:33:36.374 [main] DEBUG org.catais.av.av_avdpool_next.PostgresqlDatabase - config dbschema :av_avdpool_next
10:34:00.710 [main] ERROR org.catais.av.av_avdpool_next.App - failed to insert setting
10:34:00.710 [main] INFO  org.catais.av.av_avdpool_next.App - Stopping at: Fri Jan 01 10:34:00 CET 2016
10:35:13.200 [main] INFO  org.catais.av.av_avdpool_next.App - Starting at: Fri Jan 01 10:35:13 CET 2016
10:35:13.202 [main] DEBUG org.catais.av.av_avdpool_next.App - [ Options: [ short {config=[ option: null config  [ARG] :: config.properties file :: class java.lang.String ], init=[ option: null init  :: create database schema :: class java.lang.String ]} ] [ long {config=[ option: null config  [ARG] :: config.properties file :: class java.lang.String ], init=[ option: null init  :: create database schema :: class java.lang.String ]} ]
10:35:13.205 [main] DEBUG org.catais.av.av_avdpool_next.App - Properties from config: {models=DM01AVSO24LV95_AVDPOOL, dbhost=localhost, dbschemaTmp=av_avdpool_tmp, dbusr=stefan, defaultSrsCode=2056, dbpwd=ziegler12, dbusrro=mspublic, loglevel=info, dbport=5432, defaultSrsAuth=EPSG, dbdatabase=xanadu2, modeldir=http://www.catais.org/models/, modelsTmp=DM01AVSO24LV95, dbschema=av_avdpool_next, dbpwdro=mspublic}
10:35:13.205 [main] DEBUG org.catais.av.av_avdpool_next.App - Params: {dbport=5432, models=DM01AVSO24LV95_AVDPOOL, dbusrro=mspublic, defaultSrsAuth=EPSG, dbschema=av_avdpool_next, dbschemaTmp=av_avdpool_next, dbpwd=ziegler12, dbdatabase=xanadu2, loglevel=info, dbpwdro=mspublic, modelsTmp=DM01AVSO24LV95_AVDPOOL, dbusr=stefan, dbhost=localhost, defaultSrsCode=2056, modeldir=http://www.catais.org/models/}
10:35:13.207 [main] DEBUG org.catais.av.av_avdpool_next.PostgresqlDatabase - config dbschema :av_avdpool_next
10:35:36.519 [main] DEBUG org.catais.av.av_avdpool_next.PostgresqlDatabase - config dbschema :av_avdpool_next
10:36:00.140 [main] ERROR org.catais.av.av_avdpool_next.App - failed to insert setting
10:36:00.140 [main] INFO  org.catais.av.av_avdpool_next.App - Stopping at: Fri Jan 01 10:36:00 CET 2016
10:37:40.021 [main] INFO  org.catais.av.av_avdpool_next.App - Starting at: Fri Jan 01 10:37:40 CET 2016
10:37:40.023 [main] DEBUG org.catais.av.av_avdpool_next.App - [ Options: [ short {config=[ option: null config  [ARG] :: config.properties file :: class java.lang.String ], init=[ option: null init  :: create database schema :: class java.lang.String ]} ] [ long {config=[ option: null config  [ARG] :: config.properties file :: class java.lang.String ], init=[ option: null init  :: create database schema :: class java.lang.String ]} ]
10:37:40.026 [main] DEBUG org.catais.av.av_avdpool_next.App - Properties from config: {models=DM01AVSO24LV95_AVDPOOL, dbhost=localhost, dbschemaTmp=av_avdpool_tmp, dbusr=stefan, defaultSrsCode=2056, dbpwd=ziegler12, dbusrro=mspublic, loglevel=info, dbport=5432, defaultSrsAuth=EPSG, dbdatabase=xanadu2, modeldir=http://www.catais.org/models/, modelsTmp=DM01AVSO24LV95, dbschema=av_avdpool_next, dbpwdro=mspublic}
10:37:40.026 [main] DEBUG org.catais.av.av_avdpool_next.App - Params: {dbport=5432, models=DM01AVSO24LV95_AVDPOOL, dbusrro=mspublic, defaultSrsAuth=EPSG, dbschema=av_avdpool_next, dbschemaTmp=av_avdpool_tmp, dbpwd=ziegler12, dbdatabase=xanadu2, loglevel=info, dbpwdro=mspublic, modelsTmp=DM01AVSO24LV95, dbusr=stefan, dbhost=localhost, defaultSrsCode=2056, modeldir=http://www.catais.org/models/}
10:37:40.028 [main] DEBUG org.catais.av.av_avdpool_next.PostgresqlDatabase - config dbschema :av_avdpool_next
10:38:04.201 [main] DEBUG org.catais.av.av_avdpool_next.PostgresqlDatabase - config dbschema :av_avdpool_tmp
10:38:32.290 [main] INFO  org.catais.av.av_avdpool_next.App - Stopping at: Fri Jan 01 10:38:32 CET 2016
10:46:26.594 [main] INFO  org.catais.av.av_avdpool_next.App - Starting at: Fri Jan 01 10:46:26 CET 2016
10:46:26.596 [main] DEBUG org.catais.av.av_avdpool_next.App - [ Options: [ short {config=[ option: null config  [ARG] :: config.properties file :: class java.lang.String ], init=[ option: null init  :: create database schema :: class java.lang.String ]} ] [ long {config=[ option: null config  [ARG] :: config.properties file :: class java.lang.String ], init=[ option: null init  :: create database schema :: class java.lang.String ]} ]
10:46:26.599 [main] DEBUG org.catais.av.av_avdpool_next.App - Properties from config: {models=DM01AVSO24LV95_AVDPOOL, dbhost=localhost, dbschemaTmp=av_avdpool_tmp, dbusr=stefan, defaultSrsCode=2056, dbpwd=ziegler12, dbusrro=mspublic, loglevel=info, dbport=5432, defaultSrsAuth=EPSG, dbdatabase=xanadu2, modeldir=http://www.catais.org/models/, modelsTmp=DM01AVSO24LV95, dbschema=av_avdpool_next, dbpwdro=mspublic}
10:46:26.599 [main] DEBUG org.catais.av.av_avdpool_next.App - Params: {dbport=5432, models=DM01AVSO24LV95_AVDPOOL, dbusrro=mspublic, defaultSrsAuth=EPSG, dbschema=av_avdpool_next, dbschemaTmp=av_avdpool_tmp, dbpwd=ziegler12, dbdatabase=xanadu2, loglevel=info, dbpwdro=mspublic, modelsTmp=DM01AVSO24LV95, dbusr=stefan, dbhost=localhost, defaultSrsCode=2056, modeldir=http://www.catais.org/models/}
10:46:49.585 [main] DEBUG org.catais.av.av_avdpool_next.PostgresqlDatabase - Grant usage/select update result: 0
10:47:17.032 [main] INFO  org.catais.av.av_avdpool_next.App - Stopping at: Fri Jan 01 10:47:17 CET 2016
11:09:15.504 [main] INFO  org.catais.av.av_avdpool_next.App - Starting at: Fri Jan 01 11:09:15 CET 2016
11:09:15.506 [main] DEBUG org.catais.av.av_avdpool_next.App - [ Options: [ short {config=[ option: null config  [ARG] :: config.properties file :: class java.lang.String ], init=[ option: null init  :: create database schema :: class java.lang.String ]} ] [ long {config=[ option: null config  [ARG] :: config.properties file :: class java.lang.String ], init=[ option: null init  :: create database schema :: class java.lang.String ]} ]
11:09:15.508 [main] DEBUG org.catais.av.av_avdpool_next.App - Properties from config: {models=DM01AVSO24LV95_AVDPOOL, dbhost=localhost, dbschemaTmp=av_avdpool_tmp, dbusr=stefan, defaultSrsCode=2056, dbpwd=ziegler12, dbusrro=mspublic, loglevel=info, dbport=5432, defaultSrsAuth=EPSG, dbdatabase=xanadu2, modeldir=http://www.catais.org/models/, modelsTmp=DM01AVSO24LV95, dbschema=av_avdpool_next, dbpwdro=mspublic}
11:09:15.509 [main] DEBUG org.catais.av.av_avdpool_next.App - Params: {dbport=5432, models=DM01AVSO24LV95_AVDPOOL, dbusrro=mspublic, defaultSrsAuth=EPSG, dbschema=av_avdpool_next, dbschemaTmp=av_avdpool_tmp, dbpwd=ziegler12, dbdatabase=xanadu2, loglevel=info, dbpwdro=mspublic, modelsTmp=DM01AVSO24LV95, dbusr=stefan, dbhost=localhost, defaultSrsCode=2056, modeldir=http://www.catais.org/models/}
11:09:38.886 [main] DEBUG org.catais.av.av_avdpool_next.PostgresqlDatabase - Grant usage/select update result: 0
11:10:06.181 [main] INFO  org.catais.av.av_avdpool_next.App - Stopping at: Fri Jan 01 11:10:06 CET 2016
